Der Buildvorgang wurde am 24.08.2015 23:29:54 gestartet.
     1>Projekt "D:\Documentaire\Spiele\Lego Universe\Source\Source\LUNI Server.vcxproj" auf Knoten "2", Build Ziel(e).
     1>ClCompile:
         C:\Program Files (x86)\Microsoft Visual Studio 12.0\VC\bin\CL.exe /c /IMySql\include /IZLIB\include /Zi /nologo /W3 /WX- /sdl /O2 /Oi /Oy- /GL /D _CRT_SECURE_NO_WARNINGS /D _MBCS /D _MBCS /Gm- /EHsc /MD /GS /Gy /fp:precise /Zc:wchar_t /Zc:forScope /Fo"Release\\" /Fd"Release\vc120.pdb" /Gd /TP /analyze- /errorReport:prompt CharPackets.cpp CharactersLoop.cpp
         CharPackets.cpp
         CharactersLoop.cpp
       Link:
         C:\Program Files (x86)\Microsoft Visual Studio 12.0\VC\bin\link.exe /ERRORREPORT:PROMPT /OUT:"D:\Documentaire\Spiele\Lego Universe\Source\Source\Release\LUNI Server.exe" /NOLOGO /LIBPATH:"..\..\..\Resources\RakNet-3.25\Lib" /LIBPATH:MySql\lib /LIBPATH:Release ws2_32.lib libmysql.lib kernel32.lib user32.lib gdi32.lib winspool.lib comdlg32.lib advapi32.lib shell32.lib ole32.lib oleaut32.lib uuid.lib odbc32.lib odbccp32.lib /MANIFEST /MANIFESTUAC:"level='asInvoker' uiAccess='false'" /manifest:embed /DEBUG /PDB:"D:\Documentaire\Spiele\Lego Universe\Source\Source\Release\LUNI Server.pdb" /OPT:REF /OPT:ICF /LTCG /TLBID:1 /DYNAMICBASE /NXCOMPAT /IMPLIB:"D:\Documentaire\Spiele\Lego Universe\Source\Source\Release\LUNI Server.lib" /MACHINE:X86 /SAFESEH Release\Resource.res
         Release\Account.obj
         Release\AccountsDB.obj
         Release\AuthLoop.obj
         Release\Character.obj
         Release\Characters.obj
         Release\CharactersDB.obj
         Release\CharactersLoop.obj
         Release\Common.obj
         Release\Database.obj
         Release\Encryption.obj
         Release\GameMessages.obj
         Release\InventoryDB.obj
         Release\Logger.obj
         Release\main.obj
         Release\md5.obj
         Release\PlayerObject.obj
         Release\Replica.obj
         Release\ReplicaComponents.obj
         Release\ReplicaData.obj
         Release\ServerDB.obj
         Release\serverLoop.obj
         Release\AuthPackets.obj
         Release\Packet.obj
         Release\CharPackets.obj
         Release\Social.obj
         Release\User.obj
         Release\UtfConverter.obj
         Release\World.obj
         Release\WorldLoop.obj
         Release\WorldServer.obj
         "D:\Documentaire\Spiele\Lego Universe\Source\Source\Release\RakNet.lib"
         "D:\Documentaire\Spiele\Lego Universe\Source\Source\Release\SUtil.lib"
         Code wird generiert.
         Codegenerierung ist abgeschlossen.
         LUNI Server.vcxproj -> D:\Documentaire\Spiele\Lego Universe\Source\Source\Release\LUNI Server.exe
     1>Die Erstellung des Projekts "D:\Documentaire\Spiele\Lego Universe\Source\Source\LUNI Server.vcxproj" ist abgeschlossen, Build Ziel(e).

Build erfolgreich.

Verstrichene Zeit 00:00:10.99
