d:\documentaire\spiele\lego universe\luniserverproject-master\source\luni latest dev\source\debug\vc120.pdb
d:\documentaire\spiele\lego universe\luniserverproject-master\source\luni latest dev\source\debug\vc120.idb
d:\documentaire\spiele\lego universe\luniserverproject-master\source\luni latest dev\source\debug\character.obj
d:\documentaire\spiele\lego universe\luniserverproject-master\source\luni latest dev\source\debug\charactersloop.obj
d:\documentaire\spiele\lego universe\luniserverproject-master\source\luni latest dev\source\debug\common.obj
d:\documentaire\spiele\lego universe\luniserverproject-master\source\luni latest dev\source\debug\database.obj
d:\documentaire\spiele\lego universe\luniserverproject-master\source\luni latest dev\source\debug\serverloop.obj
d:\documentaire\spiele\lego universe\luniserverproject-master\source\luni latest dev\source\debug\authpackets.obj
d:\documentaire\spiele\lego universe\luniserverproject-master\source\luni latest dev\source\debug\packet.obj
d:\documentaire\spiele\lego universe\luniserverproject-master\source\luni latest dev\source\debug\world.obj
d:\documentaire\spiele\lego universe\luniserverproject-master\source\luni latest dev\source\debug\luni server.ilk
d:\documentaire\spiele\lego universe\luniserverproject-master\source\luni latest dev\source\debug\luni server.exe
d:\documentaire\spiele\lego universe\luniserverproject-master\source\luni latest dev\source\debug\luni server.pdb
d:\documentaire\spiele\lego universe\luniserverproject-master\source\luni latest dev\source\debug\resource.res
d:\documentaire\spiele\lego universe\luniserverproject-master\source\luni latest dev\source\debug\luni server.tlog\cl.command.1.tlog
d:\documentaire\spiele\lego universe\luniserverproject-master\source\luni latest dev\source\debug\luni server.tlog\cl.read.1.tlog
d:\documentaire\spiele\lego universe\luniserverproject-master\source\luni latest dev\source\debug\luni server.tlog\cl.write.1.tlog
d:\documentaire\spiele\lego universe\luniserverproject-master\source\luni latest dev\source\debug\luni server.tlog\link.command.1.tlog
d:\documentaire\spiele\lego universe\luniserverproject-master\source\luni latest dev\source\debug\luni server.tlog\link.read.1.tlog
d:\documentaire\spiele\lego universe\luniserverproject-master\source\luni latest dev\source\debug\luni server.tlog\link.write.1.tlog
d:\documentaire\spiele\lego universe\luniserverproject-master\source\luni latest dev\source\debug\luni server.tlog\rc.command.1.tlog
d:\documentaire\spiele\lego universe\luniserverproject-master\source\luni latest dev\source\debug\luni server.tlog\rc.read.1.tlog
d:\documentaire\spiele\lego universe\luniserverproject-master\source\luni latest dev\source\debug\luni server.tlog\rc.write.1.tlog
