Der Buildvorgang wurde am 26.08.2015 20:12:16 gestartet.
     1>Projekt "D:\Documentaire\Spiele\Lego Universe\Source\Source\LUNI Server.vcxproj" auf Knoten "2", Build Ziel(e).
     1>ClCompile:
         C:\Program Files (x86)\Microsoft Visual Studio 12.0\VC\bin\CL.exe /c /IMySql\include /IZLIB\include /ZI /nologo /W3 /WX- /sdl /Od /Oy- /D _CRT_SECURE_NO_WARNINGS /D DEBUG /D _MBCS /Gm /EHsc /RTC1 /MDd /GS /fp:precise /Zc:wchar_t /Zc:forScope /Fo"Debug\\" /Fd"Debug\vc120.pdb" /Gd /TP /analyze- /errorReport:prompt AuthLoop.cpp AuthPackets.cpp CharPackets.cpp Characters.cpp CharactersLoop.cpp Packet.cpp PlayerObject.cpp ReplicaObject.cpp User.cpp WorldLoop.cpp Worlds.cpp main.cpp serverLoop.cpp
         ReplicaObject.cpp
         PlayerObject.cpp
         Code wird generiert...
         Kompilieren...
         serverLoop.cpp
     1>d:\documentaire\spiele\lego universe\source\source\raknet\types.h(280): warning C4005: 'DEBUG': Makro-Neudefinition
                 Befehlszeilenargumente: siehe vorherige Definition von "DEBUG"
         main.cpp
         WorldLoop.cpp
         User.cpp
         Packet.cpp
         CharactersLoop.cpp
         Characters.cpp
         CharPackets.cpp
         AuthPackets.cpp
         AuthLoop.cpp
         Code wird generiert...
         Überspringen... (keine relevanten Änderungen gefunden)
         Worlds.cpp
       Link:
         C:\Program Files (x86)\Microsoft Visual Studio 12.0\VC\bin\link.exe /ERRORREPORT:PROMPT /OUT:"D:\Documentaire\Spiele\Lego Universe\Source\Source\Debug\LUNI Server.exe" /INCREMENTAL /NOLOGO /LIBPATH:MySql\lib /LIBPATH:ZLIB\lib /LIBPATH:Debug ws2_32.lib libmysql.lib SUtil.lib zdll.lib kernel32.lib user32.lib gdi32.lib winspool.lib comdlg32.lib advapi32.lib shell32.lib ole32.lib oleaut32.lib uuid.lib odbc32.lib odbccp32.lib /MANIFEST /MANIFESTUAC:"level='asInvoker' uiAccess='false'" /manifest:embed /DEBUG /PDB:"D:\Documentaire\Spiele\Lego Universe\Source\Source\Debug\LUNI Server.pdb" /TLBID:1 /DYNAMICBASE /NXCOMPAT /IMPLIB:"D:\Documentaire\Spiele\Lego Universe\Source\Source\Debug\LUNI Server.lib" /MACHINE:X86 Debug\Resource.res
         Debug\Account.obj
         Debug\AccountsDB.obj
         Debug\AuthLoop.obj
         Debug\Character.obj
         Debug\Characters.obj
         Debug\CharactersDB.obj
         Debug\CharactersLoop.obj
         Debug\Common.obj
         Debug\Database.obj
         Debug\Encryption.obj
         Debug\GameMessages.obj
         Debug\InventoryDB.obj
         Debug\Logger.obj
         Debug\main.obj
         Debug\md5.obj
         Debug\PlayerObject.obj
         Debug\Replica.obj
         Debug\ReplicaComponents.obj
         Debug\ReplicaData.obj
         Debug\ReplicaObject.obj
         Debug\ServerDB.obj
         Debug\serverLoop.obj
         Debug\AuthPackets.obj
         Debug\Packet.obj
         Debug\CharPackets.obj
         Debug\Social.obj
         Debug\User.obj
         Debug\UtfConverter.obj
         Debug\World.obj
         Debug\WorldConnection.obj
         Debug\WorldLoop.obj
         Debug\Worlds.obj
         Debug\WorldServer.obj
         "D:\Documentaire\Spiele\Lego Universe\Source\Source\Debug\RakNet.lib"
         "D:\Documentaire\Spiele\Lego Universe\Source\Source\Debug\SUtil.lib"
         LUNI Server.vcxproj -> D:\Documentaire\Spiele\Lego Universe\Source\Source\Debug\LUNI Server.exe
     1>Die Erstellung des Projekts "D:\Documentaire\Spiele\Lego Universe\Source\Source\LUNI Server.vcxproj" ist abgeschlossen, Build Ziel(e).

Build erfolgreich.

Verstrichene Zeit 00:00:15.66
