Der Buildvorgang wurde am 03.08.2015 03:36:44 gestartet.
     1>Projekt "D:\Documentaire\Spiele\Lego Universe\LUNIServerProject-master\Source\LUNI Latest Dev\Source\RakNet\RakNet.vcxproj" auf Knoten "2", Build Ziel(e).
     1>ClCompile:
         C:\Program Files (x86)\Microsoft Visual Studio 12.0\VC\bin\CL.exe /c /ZI /nologo /W3 /WX- /sdl- /Od /Oy- /D _CRT_SECURE_NO_WARNINGS /D _MBCS /Gm /EHsc /RTC1 /MDd /GS /fp:precise /Zc:wchar_t /Zc:forScope /Fo"Debug\\" /Fd"Debug\vc120.pdb" /Gd /TP /analyze- /errorReport:prompt AutoRPC.cpp ConnectionGraph.cpp DataBlockEncryptor.cpp Gen_RPC8.cpp RakNetworkFactory.cpp RakPeer.cpp ReliabilityLayer.cpp SHA1.cpp
         AutoRPC.cpp
         Code wird generiert...
         Kompilieren...
         SHA1.cpp
         ReliabilityLayer.cpp
         RakPeer.cpp
         -- RakNet: _RAKNET_THREADSAFE not defined.  Do NOT use multiple threads on the same instance of RakPeer (Fast!). --
         -- RakNet: Using WaitForSingleObject. Comment out USE_WAIT_FOR_MULTIPLE_EVENTS in RakNetDefines.h if you want to use Sleep instead. --
         RakNetworkFactory.cpp
         Gen_RPC8.cpp
         DataBlockEncryptor.cpp
     1>d:\documentaire\spiele\lego universe\luniserverproject-master\source\luni latest dev\source\raknet\datablockencryptor.cpp(142): warning C4101: 'randomChar': Unreferenzierte lokale Variable
         ConnectionGraph.cpp
         Code wird generiert...
       Lib:
         C:\Program Files (x86)\Microsoft Visual Studio 12.0\VC\bin\Lib.exe /OUT:"D:\Documentaire\Spiele\Lego Universe\LUNIServerProject-master\Source\LUNI Latest Dev\Source\Debug\RakNet.lib" /NOLOGO Debug\AsynchronousFileIO.obj
         Debug\AutoRPC.obj
         Debug\BitStream.obj
         Debug\BitStream_NoTemplate.obj
         Debug\CheckSum.obj
         Debug\CommandParserInterface.obj
         Debug\ConnectionGraph.obj
         Debug\ConsoleServer.obj
         Debug\DataBlockEncryptor.obj
         Debug\DataCompressor.obj
         Debug\DirectoryDeltaTransfer.obj
         Debug\DS_BytePool.obj
         Debug\DS_ByteQueue.obj
         Debug\DS_HuffmanEncodingTree.obj
         Debug\DS_Table.obj
         Debug\EmailSender.obj
         Debug\EncodeClassName.obj
         Debug\EpochTimeToString.obj
         Debug\ExtendedOverlappedPool.obj
         Debug\FileList.obj
         Debug\FileListTransfer.obj
         Debug\FileOperations.obj
         Debug\FormatString.obj
         Debug\FullyConnectedMesh.obj
         Debug\FunctionThread.obj
         Debug\Gen_RPC8.obj
         Debug\GetTime.obj
         Debug\GridSectorizer.obj
         Debug\HTTPConnection.obj
         Debug\InlineFunctor.obj
         Debug\Itoa.obj
         Debug\LightweightDatabaseClient.obj
         Debug\LightweightDatabaseCommon.obj
         Debug\LightweightDatabaseServer.obj
         Debug\LinuxStrings.obj
         Debug\LogCommandParser.obj
         Debug\MessageFilter.obj
         Debug\NatPunchthrough.obj
         Debug\NetworkIDManager.obj
         Debug\NetworkIDObject.obj
         Debug\PacketConsoleLogger.obj
         Debug\PacketFileLogger.obj
         Debug\PacketLogger.obj
         Debug\PluginInterface.obj
         Debug\RakMemoryOverride.obj
         Debug\RakNetCommandParser.obj
         Debug\RakNetStatistics.obj
         Debug\RakNetTransport.obj
         Debug\RakNetTypes.obj
         Debug\RakNetworkFactory.obj
         Debug\RakPeer.obj
         Debug\RakSleep.obj
         Debug\RakString.obj
         Debug\RakThread.obj
         Debug\Rand.obj
         Debug\ReadyEvent.obj
         Debug\ReliabilityLayer.obj
         Debug\ReplicaManager.obj
         Debug\ReplicaManager2.obj
         Debug\rijndael.obj
         Debug\Router.obj
         Debug\RPCMap.obj
         Debug\SHA1.obj
         Debug\SimpleMutex.obj
         Debug\SocketLayer.obj
         Debug\StringCompressor.obj
         Debug\StringTable.obj
         Debug\SuperFastHash.obj
         Debug\SystemAddressList.obj
         Debug\TableSerializer.obj
         Debug\TCPInterface.obj
         Debug\TelnetTransport.obj
         Debug\ThreadsafePacketLogger.obj
         Debug\_FindFirst.obj
         RakNet.vcxproj -> D:\Documentaire\Spiele\Lego Universe\LUNIServerProject-master\Source\LUNI Latest Dev\Source\Debug\RakNet.lib
     1>Die Erstellung des Projekts "D:\Documentaire\Spiele\Lego Universe\LUNIServerProject-master\Source\LUNI Latest Dev\Source\RakNet\RakNet.vcxproj" ist abgeschlossen, Build Ziel(e).

Build erfolgreich.

Verstrichene Zeit 00:00:03.95
