d:\documentaire\spiele\lego universe\luniserverproject-master\source\luni latest dev\source\raknet\debug\vc120.pdb
d:\documentaire\spiele\lego universe\luniserverproject-master\source\luni latest dev\source\raknet\debug\vc120.idb
d:\documentaire\spiele\lego universe\luniserverproject-master\source\luni latest dev\source\raknet\debug\rand.obj
d:\documentaire\spiele\lego universe\luniserverproject-master\source\luni latest dev\source\raknet\debug\readyevent.obj
d:\documentaire\spiele\lego universe\luniserverproject-master\source\luni latest dev\source\raknet\debug\reliabilitylayer.obj
d:\documentaire\spiele\lego universe\luniserverproject-master\source\luni latest dev\source\raknet\debug\replicamanager.obj
d:\documentaire\spiele\lego universe\luniserverproject-master\source\luni latest dev\source\raknet\debug\replicamanager2.obj
d:\documentaire\spiele\lego universe\luniserverproject-master\source\luni latest dev\source\raknet\debug\rijndael.obj
d:\documentaire\spiele\lego universe\luniserverproject-master\source\luni latest dev\source\raknet\debug\router.obj
d:\documentaire\spiele\lego universe\luniserverproject-master\source\luni latest dev\source\raknet\debug\rpcmap.obj
d:\documentaire\spiele\lego universe\luniserverproject-master\source\luni latest dev\source\raknet\debug\sha1.obj
d:\documentaire\spiele\lego universe\luniserverproject-master\source\luni latest dev\source\raknet\debug\simplemutex.obj
d:\documentaire\spiele\lego universe\luniserverproject-master\source\luni latest dev\source\raknet\debug\socketlayer.obj
d:\documentaire\spiele\lego universe\luniserverproject-master\source\luni latest dev\source\raknet\debug\stringcompressor.obj
d:\documentaire\spiele\lego universe\luniserverproject-master\source\luni latest dev\source\raknet\debug\stringtable.obj
d:\documentaire\spiele\lego universe\luniserverproject-master\source\luni latest dev\source\raknet\debug\superfasthash.obj
d:\documentaire\spiele\lego universe\luniserverproject-master\source\luni latest dev\source\raknet\debug\systemaddresslist.obj
d:\documentaire\spiele\lego universe\luniserverproject-master\source\luni latest dev\source\raknet\debug\tableserializer.obj
d:\documentaire\spiele\lego universe\luniserverproject-master\source\luni latest dev\source\raknet\debug\tcpinterface.obj
d:\documentaire\spiele\lego universe\luniserverproject-master\source\luni latest dev\source\raknet\debug\telnettransport.obj
d:\documentaire\spiele\lego universe\luniserverproject-master\source\luni latest dev\source\raknet\debug\threadsafepacketlogger.obj
d:\documentaire\spiele\lego universe\luniserverproject-master\source\luni latest dev\source\raknet\debug\_findfirst.obj
d:\documentaire\spiele\lego universe\luniserverproject-master\source\luni latest dev\source\raknet\debug\linuxstrings.obj
d:\documentaire\spiele\lego universe\luniserverproject-master\source\luni latest dev\source\raknet\debug\logcommandparser.obj
d:\documentaire\spiele\lego universe\luniserverproject-master\source\luni latest dev\source\raknet\debug\messagefilter.obj
d:\documentaire\spiele\lego universe\luniserverproject-master\source\luni latest dev\source\raknet\debug\natpunchthrough.obj
d:\documentaire\spiele\lego universe\luniserverproject-master\source\luni latest dev\source\raknet\debug\networkidmanager.obj
d:\documentaire\spiele\lego universe\luniserverproject-master\source\luni latest dev\source\raknet\debug\networkidobject.obj
d:\documentaire\spiele\lego universe\luniserverproject-master\source\luni latest dev\source\raknet\debug\packetconsolelogger.obj
d:\documentaire\spiele\lego universe\luniserverproject-master\source\luni latest dev\source\raknet\debug\packetfilelogger.obj
d:\documentaire\spiele\lego universe\luniserverproject-master\source\luni latest dev\source\raknet\debug\packetlogger.obj
d:\documentaire\spiele\lego universe\luniserverproject-master\source\luni latest dev\source\raknet\debug\plugininterface.obj
d:\documentaire\spiele\lego universe\luniserverproject-master\source\luni latest dev\source\raknet\debug\rakmemoryoverride.obj
d:\documentaire\spiele\lego universe\luniserverproject-master\source\luni latest dev\source\raknet\debug\raknetcommandparser.obj
d:\documentaire\spiele\lego universe\luniserverproject-master\source\luni latest dev\source\raknet\debug\raknetstatistics.obj
d:\documentaire\spiele\lego universe\luniserverproject-master\source\luni latest dev\source\raknet\debug\raknettransport.obj
d:\documentaire\spiele\lego universe\luniserverproject-master\source\luni latest dev\source\raknet\debug\raknettypes.obj
d:\documentaire\spiele\lego universe\luniserverproject-master\source\luni latest dev\source\raknet\debug\raknetworkfactory.obj
d:\documentaire\spiele\lego universe\luniserverproject-master\source\luni latest dev\source\raknet\debug\rakpeer.obj
d:\documentaire\spiele\lego universe\luniserverproject-master\source\luni latest dev\source\raknet\debug\raksleep.obj
d:\documentaire\spiele\lego universe\luniserverproject-master\source\luni latest dev\source\raknet\debug\rakstring.obj
d:\documentaire\spiele\lego universe\luniserverproject-master\source\luni latest dev\source\raknet\debug\rakthread.obj
d:\documentaire\spiele\lego universe\luniserverproject-master\source\luni latest dev\source\raknet\debug\ds_table.obj
d:\documentaire\spiele\lego universe\luniserverproject-master\source\luni latest dev\source\raknet\debug\emailsender.obj
d:\documentaire\spiele\lego universe\luniserverproject-master\source\luni latest dev\source\raknet\debug\encodeclassname.obj
d:\documentaire\spiele\lego universe\luniserverproject-master\source\luni latest dev\source\raknet\debug\epochtimetostring.obj
d:\documentaire\spiele\lego universe\luniserverproject-master\source\luni latest dev\source\raknet\debug\extendedoverlappedpool.obj
d:\documentaire\spiele\lego universe\luniserverproject-master\source\luni latest dev\source\raknet\debug\filelist.obj
d:\documentaire\spiele\lego universe\luniserverproject-master\source\luni latest dev\source\raknet\debug\filelisttransfer.obj
d:\documentaire\spiele\lego universe\luniserverproject-master\source\luni latest dev\source\raknet\debug\fileoperations.obj
d:\documentaire\spiele\lego universe\luniserverproject-master\source\luni latest dev\source\raknet\debug\formatstring.obj
d:\documentaire\spiele\lego universe\luniserverproject-master\source\luni latest dev\source\raknet\debug\fullyconnectedmesh.obj
d:\documentaire\spiele\lego universe\luniserverproject-master\source\luni latest dev\source\raknet\debug\functionthread.obj
d:\documentaire\spiele\lego universe\luniserverproject-master\source\luni latest dev\source\raknet\debug\gen_rpc8.obj
d:\documentaire\spiele\lego universe\luniserverproject-master\source\luni latest dev\source\raknet\debug\gettime.obj
d:\documentaire\spiele\lego universe\luniserverproject-master\source\luni latest dev\source\raknet\debug\gridsectorizer.obj
d:\documentaire\spiele\lego universe\luniserverproject-master\source\luni latest dev\source\raknet\debug\httpconnection.obj
d:\documentaire\spiele\lego universe\luniserverproject-master\source\luni latest dev\source\raknet\debug\inlinefunctor.obj
d:\documentaire\spiele\lego universe\luniserverproject-master\source\luni latest dev\source\raknet\debug\itoa.obj
d:\documentaire\spiele\lego universe\luniserverproject-master\source\luni latest dev\source\raknet\debug\lightweightdatabaseclient.obj
d:\documentaire\spiele\lego universe\luniserverproject-master\source\luni latest dev\source\raknet\debug\lightweightdatabasecommon.obj
d:\documentaire\spiele\lego universe\luniserverproject-master\source\luni latest dev\source\raknet\debug\lightweightdatabaseserver.obj
d:\documentaire\spiele\lego universe\luniserverproject-master\source\luni latest dev\source\raknet\debug\asynchronousfileio.obj
d:\documentaire\spiele\lego universe\luniserverproject-master\source\luni latest dev\source\raknet\debug\autorpc.obj
d:\documentaire\spiele\lego universe\luniserverproject-master\source\luni latest dev\source\raknet\debug\bitstream.obj
d:\documentaire\spiele\lego universe\luniserverproject-master\source\luni latest dev\source\raknet\debug\bitstream_notemplate.obj
d:\documentaire\spiele\lego universe\luniserverproject-master\source\luni latest dev\source\raknet\debug\checksum.obj
d:\documentaire\spiele\lego universe\luniserverproject-master\source\luni latest dev\source\raknet\debug\commandparserinterface.obj
d:\documentaire\spiele\lego universe\luniserverproject-master\source\luni latest dev\source\raknet\debug\connectiongraph.obj
d:\documentaire\spiele\lego universe\luniserverproject-master\source\luni latest dev\source\raknet\debug\consoleserver.obj
d:\documentaire\spiele\lego universe\luniserverproject-master\source\luni latest dev\source\raknet\debug\datablockencryptor.obj
d:\documentaire\spiele\lego universe\luniserverproject-master\source\luni latest dev\source\raknet\debug\datacompressor.obj
d:\documentaire\spiele\lego universe\luniserverproject-master\source\luni latest dev\source\raknet\debug\directorydeltatransfer.obj
d:\documentaire\spiele\lego universe\luniserverproject-master\source\luni latest dev\source\raknet\debug\ds_bytepool.obj
d:\documentaire\spiele\lego universe\luniserverproject-master\source\luni latest dev\source\raknet\debug\ds_bytequeue.obj
d:\documentaire\spiele\lego universe\luniserverproject-master\source\luni latest dev\source\raknet\debug\ds_huffmanencodingtree.obj
d:\documentaire\spiele\lego universe\luniserverproject-master\source\luni latest dev\source\debug\raknet.lib
d:\documentaire\spiele\lego universe\luniserverproject-master\source\luni latest dev\source\raknet\debug\raknet.tlog\cl.command.1.tlog
d:\documentaire\spiele\lego universe\luniserverproject-master\source\luni latest dev\source\raknet\debug\raknet.tlog\cl.read.1.tlog
d:\documentaire\spiele\lego universe\luniserverproject-master\source\luni latest dev\source\raknet\debug\raknet.tlog\cl.write.1.tlog
d:\documentaire\spiele\lego universe\luniserverproject-master\source\luni latest dev\source\raknet\debug\raknet.tlog\lib-link.read.1.tlog
d:\documentaire\spiele\lego universe\luniserverproject-master\source\luni latest dev\source\raknet\debug\raknet.tlog\lib-link.write.1.tlog
d:\documentaire\spiele\lego universe\luniserverproject-master\source\luni latest dev\source\raknet\debug\raknet.tlog\lib.command.1.tlog
